2019-01-14 08:46:48 Debug: duration=3 rows=8 SHOW FULL COLUMNS FROM `articles`
2019-01-14 08:46:48 Debug: duration=1 rows=1 SHOW INDEXES FROM `articles`
2019-01-14 08:46:48 Debug: duration=39 rows=0 SELECT * FROM information_schema.key_column_usage AS kcu
            INNER JOIN information_schema.referential_constraints AS rc
            ON (
                kcu.CONSTRAINT_NAME = rc.CONSTRAINT_NAME
                AND kcu.CONSTRAINT_SCHEMA = rc.CONSTRAINT_SCHEMA
            )
            WHERE kcu.TABLE_SCHEMA = 'zenmonk_main' AND kcu.TABLE_NAME = 'articles' AND rc.TABLE_NAME = 'articles'
2019-01-14 08:46:48 Debug: duration=1 rows=1 SHOW TABLE STATUS WHERE Name = 'articles'
2019-01-14 08:46:48 Debug: duration=1 rows=4 SHOW FULL COLUMNS FROM `categories`
2019-01-14 08:46:48 Debug: duration=1 rows=1 SHOW INDEXES FROM `categories`
2019-01-14 08:46:48 Debug: duration=36 rows=0 SELECT * FROM information_schema.key_column_usage AS kcu
            INNER JOIN information_schema.referential_constraints AS rc
            ON (
                kcu.CONSTRAINT_NAME = rc.CONSTRAINT_NAME
                AND kcu.CONSTRAINT_SCHEMA = rc.CONSTRAINT_SCHEMA
            )
            WHERE kcu.TABLE_SCHEMA = 'zenmonk_main' AND kcu.TABLE_NAME = 'categories' AND rc.TABLE_NAME = 'categories'
2019-01-14 08:46:48 Debug: duration=1 rows=1 SHOW TABLE STATUS WHERE Name = 'categories'
2019-01-14 08:46:48 Debug: duration=1 rows=5 SELECT Categories.id AS `Categories__id`, Categories.name AS `Categories__name`, Categories.ins_ymd AS `Categories__ins_ymd`, Categories.upd_ymd AS `Categories__upd_ymd` FROM categories Categories
2019-01-14 08:48:49 Debug: duration=1 rows=8 SHOW FULL COLUMNS FROM `articles`
2019-01-14 08:48:49 Debug: duration=1 rows=1 SHOW INDEXES FROM `articles`
2019-01-14 08:48:49 Debug: duration=38 rows=0 SELECT * FROM information_schema.key_column_usage AS kcu
            INNER JOIN information_schema.referential_constraints AS rc
            ON (
                kcu.CONSTRAINT_NAME = rc.CONSTRAINT_NAME
                AND kcu.CONSTRAINT_SCHEMA = rc.CONSTRAINT_SCHEMA
            )
            WHERE kcu.TABLE_SCHEMA = 'zenmonk_main' AND kcu.TABLE_NAME = 'articles' AND rc.TABLE_NAME = 'articles'
2019-01-14 08:48:49 Debug: duration=8 rows=1 SHOW TABLE STATUS WHERE Name = 'articles'
2019-01-14 08:48:49 Debug: duration=1 rows=4 SHOW FULL COLUMNS FROM `categories`
2019-01-14 08:48:49 Debug: duration=1 rows=1 SHOW INDEXES FROM `categories`
2019-01-14 08:48:49 Debug: duration=35 rows=0 SELECT * FROM information_schema.key_column_usage AS kcu
            INNER JOIN information_schema.referential_constraints AS rc
            ON (
                kcu.CONSTRAINT_NAME = rc.CONSTRAINT_NAME
                AND kcu.CONSTRAINT_SCHEMA = rc.CONSTRAINT_SCHEMA
            )
            WHERE kcu.TABLE_SCHEMA = 'zenmonk_main' AND kcu.TABLE_NAME = 'categories' AND rc.TABLE_NAME = 'categories'
2019-01-14 08:48:49 Debug: duration=1 rows=1 SHOW TABLE STATUS WHERE Name = 'categories'
2019-01-14 08:48:49 Debug: duration=1 rows=5 SELECT Categories.id AS `Categories__id`, Categories.name AS `Categories__name`, Categories.ins_ymd AS `Categories__ins_ymd`, Categories.upd_ymd AS `Categories__upd_ymd` FROM categories Categories
2019-01-14 08:49:04 Debug: duration=1 rows=5 SELECT Categories.id AS `Categories__id`, Categories.name AS `Categories__name`, Categories.ins_ymd AS `Categories__ins_ymd`, Categories.upd_ymd AS `Categories__upd_ymd` FROM categories Categories
2019-01-14 08:49:25 Debug: duration=1 rows=5 SELECT Categories.id AS `Categories__id`, Categories.name AS `Categories__name`, Categories.ins_ymd AS `Categories__ins_ymd`, Categories.upd_ymd AS `Categories__upd_ymd` FROM categories Categories
2019-01-14 08:53:16 Debug: duration=1 rows=8 SHOW FULL COLUMNS FROM `articles`
2019-01-14 08:53:16 Debug: duration=1 rows=1 SHOW INDEXES FROM `articles`
2019-01-14 08:53:16 Debug: duration=38 rows=0 SELECT * FROM information_schema.key_column_usage AS kcu
            INNER JOIN information_schema.referential_constraints AS rc
            ON (
                kcu.CONSTRAINT_NAME = rc.CONSTRAINT_NAME
                AND kcu.CONSTRAINT_SCHEMA = rc.CONSTRAINT_SCHEMA
            )
            WHERE kcu.TABLE_SCHEMA = 'zenmonk_main' AND kcu.TABLE_NAME = 'articles' AND rc.TABLE_NAME = 'articles'
2019-01-14 08:53:16 Debug: duration=1 rows=1 SHOW TABLE STATUS WHERE Name = 'articles'
2019-01-14 08:53:16 Debug: duration=1 rows=4 SHOW FULL COLUMNS FROM `categories`
2019-01-14 08:53:16 Debug: duration=1 rows=1 SHOW INDEXES FROM `categories`
2019-01-14 08:53:16 Debug: duration=33 rows=0 SELECT * FROM information_schema.key_column_usage AS kcu
            INNER JOIN information_schema.referential_constraints AS rc
            ON (
                kcu.CONSTRAINT_NAME = rc.CONSTRAINT_NAME
                AND kcu.CONSTRAINT_SCHEMA = rc.CONSTRAINT_SCHEMA
            )
            WHERE kcu.TABLE_SCHEMA = 'zenmonk_main' AND kcu.TABLE_NAME = 'categories' AND rc.TABLE_NAME = 'categories'
2019-01-14 08:53:16 Debug: duration=1 rows=1 SHOW TABLE STATUS WHERE Name = 'categories'
2019-01-14 08:53:16 Debug: duration=1 rows=5 SELECT Categories.id AS `Categories__id`, Categories.name AS `Categories__name`, Categories.ins_ymd AS `Categories__ins_ymd`, Categories.upd_ymd AS `Categories__upd_ymd` FROM categories Categories
2019-01-14 08:54:08 Debug: duration=1 rows=5 SELECT Categories.id AS `Categories__id`, Categories.name AS `Categories__name`, Categories.ins_ymd AS `Categories__ins_ymd`, Categories.upd_ymd AS `Categories__upd_ymd` FROM categories Categories
2019-01-14 09:06:59 Debug: duration=1 rows=5 SELECT Categories.id AS `Categories__id`, Categories.name AS `Categories__name`, Categories.ins_ymd AS `Categories__ins_ymd`, Categories.upd_ymd AS `Categories__upd_ymd` FROM categories Categories
2019-01-14 09:08:31 Debug: duration=1 rows=6 select * from articles where draft = :draft
2019-01-14 09:08:31 Debug: duration=1 rows=5 SELECT Categories.id AS `Categories__id`, Categories.name AS `Categories__name`, Categories.ins_ymd AS `Categories__ins_ymd`, Categories.upd_ymd AS `Categories__upd_ymd` FROM categories Categories
2019-01-14 09:09:59 Debug: duration=1 rows=6 select * from articles where draft = :draft
2019-01-14 09:09:59 Debug: duration=1 rows=5 SELECT Categories.id AS `Categories__id`, Categories.name AS `Categories__name`, Categories.ins_ymd AS `Categories__ins_ymd`, Categories.upd_ymd AS `Categories__upd_ymd` FROM categories Categories
2019-01-14 09:10:46 Debug: duration=2 rows=5 SHOW FULL COLUMNS FROM `users`
2019-01-14 09:10:46 Debug: duration=1 rows=1 SHOW INDEXES FROM `users`
2019-01-14 09:10:46 Debug: duration=37 rows=0 SELECT * FROM information_schema.key_column_usage AS kcu
            INNER JOIN information_schema.referential_constraints AS rc
            ON (
                kcu.CONSTRAINT_NAME = rc.CONSTRAINT_NAME
                AND kcu.CONSTRAINT_SCHEMA = rc.CONSTRAINT_SCHEMA
            )
            WHERE kcu.TABLE_SCHEMA = 'zenmonk_main' AND kcu.TABLE_NAME = 'users' AND rc.TABLE_NAME = 'users'
2019-01-14 09:10:46 Debug: duration=1 rows=1 SHOW TABLE STATUS WHERE Name = 'users'
2019-01-14 09:10:46 Debug: duration=1 rows=1 SELECT Users.id AS `Users__id`, Users.username AS `Users__username`, Users.password AS `Users__password`, Users.INS_YMD AS `Users__INS_YMD`, Users.UPD_YMD AS `Users__UPD_YMD` FROM users Users WHERE Users.username = 'juntunnjapaso' LIMIT 1
2019-01-14 09:10:48 Debug: duration=1 rows=6 select * from articles where draft = :draft
2019-01-14 09:10:48 Debug: duration=1 rows=5 SELECT Categories.id AS `Categories__id`, Categories.name AS `Categories__name`, Categories.ins_ymd AS `Categories__ins_ymd`, Categories.upd_ymd AS `Categories__upd_ymd` FROM categories Categories
2019-01-14 09:10:52 Debug: duration=1 rows=1 SELECT Articles.id AS `Articles__id`, Articles.title AS `Articles__title`, Articles.content AS `Articles__content`, Articles.ins_ymd AS `Articles__ins_ymd`, Articles.upd_ymd AS `Articles__upd_ymd`, Articles.contName AS `Articles__contName`, Articles.thumbnail AS `Articles__thumbnail`, Articles.draft AS `Articles__draft` FROM articles Articles WHERE Articles.id = 30 LIMIT 1
2019-01-14 09:10:52 Debug: duration=1 rows=5 SHOW FULL COLUMNS FROM `articles_categories`
2019-01-14 09:10:52 Debug: duration=1 rows=3 SHOW INDEXES FROM `articles_categories`
2019-01-14 09:10:52 Debug: duration=33 rows=2 SELECT * FROM information_schema.key_column_usage AS kcu
            INNER JOIN information_schema.referential_constraints AS rc
            ON (
                kcu.CONSTRAINT_NAME = rc.CONSTRAINT_NAME
                AND kcu.CONSTRAINT_SCHEMA = rc.CONSTRAINT_SCHEMA
            )
            WHERE kcu.TABLE_SCHEMA = 'zenmonk_main' AND kcu.TABLE_NAME = 'articles_categories' AND rc.TABLE_NAME = 'articles_categories'
2019-01-14 09:10:52 Debug: duration=1 rows=1 SHOW TABLE STATUS WHERE Name = 'articles_categories'
2019-01-14 09:10:52 Debug: duration=1 rows=1 SELECT ArticlesCategories.article_id AS `Categories_CJoin__article_id`, ArticlesCategories.category_id AS `Categories_CJoin__category_id`, ArticlesCategories.ins_ymd AS `Categories_CJoin__ins_ymd`, ArticlesCategories.upd_ymd AS `Categories_CJoin__upd_ymd`, ArticlesCategories.id AS `Categories_CJoin__id`, Categories.id AS `Categories__id`, Categories.name AS `Categories__name`, Categories.ins_ymd AS `Categories__ins_ymd`, Categories.upd_ymd AS `Categories__upd_ymd` FROM categories Categories INNER JOIN articles_categories ArticlesCategories ON Categories.id = (ArticlesCategories.category_id) WHERE ArticlesCategories.article_id in (30)
2019-01-14 09:10:56 Debug: duration=1 rows=6 select * from articles where draft = :draft
2019-01-14 09:10:56 Debug: duration=1 rows=5 SELECT Categories.id AS `Categories__id`, Categories.name AS `Categories__name`, Categories.ins_ymd AS `Categories__ins_ymd`, Categories.upd_ymd AS `Categories__upd_ymd` FROM categories Categories
2019-01-14 09:11:01 Debug: duration=1 rows=1 SELECT Articles.id AS `Articles__id`, Articles.title AS `Articles__title`, Articles.content AS `Articles__content`, Articles.ins_ymd AS `Articles__ins_ymd`, Articles.upd_ymd AS `Articles__upd_ymd`, Articles.contName AS `Articles__contName`, Articles.thumbnail AS `Articles__thumbnail`, Articles.draft AS `Articles__draft` FROM articles Articles WHERE Articles.id = 31 LIMIT 1
2019-01-14 09:11:01 Debug: duration=1 rows=0 SELECT ArticlesCategories.article_id AS `Categories_CJoin__article_id`, ArticlesCategories.category_id AS `Categories_CJoin__category_id`, ArticlesCategories.ins_ymd AS `Categories_CJoin__ins_ymd`, ArticlesCategories.upd_ymd AS `Categories_CJoin__upd_ymd`, ArticlesCategories.id AS `Categories_CJoin__id`, Categories.id AS `Categories__id`, Categories.name AS `Categories__name`, Categories.ins_ymd AS `Categories__ins_ymd`, Categories.upd_ymd AS `Categories__upd_ymd` FROM categories Categories INNER JOIN articles_categories ArticlesCategories ON Categories.id = (ArticlesCategories.category_id) WHERE ArticlesCategories.article_id in (31)
2019-01-14 09:11:03 Debug: duration=1 rows=6 select * from articles where draft = :draft
2019-01-14 09:11:03 Debug: duration=1 rows=5 SELECT Categories.id AS `Categories__id`, Categories.name AS `Categories__name`, Categories.ins_ymd AS `Categories__ins_ymd`, Categories.upd_ymd AS `Categories__upd_ymd` FROM categories Categories
2019-01-14 09:15:30 Debug: duration=1 rows=6 select * from articles where draft = :draft
2019-01-14 09:15:30 Debug: duration=1 rows=5 SELECT Categories.id AS `Categories__id`, Categories.name AS `Categories__name`, Categories.ins_ymd AS `Categories__ins_ymd`, Categories.upd_ymd AS `Categories__upd_ymd` FROM categories Categories
2019-01-14 09:15:33 Debug: duration=0 rows=0 select * fromarticles t1, articles_categories t2, categories t3where t1.draft = :t1.draftand t1.id = t2.idand t2.category_id = t3.idand t3.name = :t3.name
2019-01-14 09:18:27 Debug: duration=1 rows=6 select * from articles where draft = :draft
2019-01-14 09:18:27 Debug: duration=1 rows=5 SELECT Categories.id AS `Categories__id`, Categories.name AS `Categories__name`, Categories.ins_ymd AS `Categories__ins_ymd`, Categories.upd_ymd AS `Categories__upd_ymd` FROM categories Categories
2019-01-14 09:18:31 Debug: duration=1 rows=0 select * fromarticles t1,articles_categories t2,categories t3where t1.draft = :t1.draftand t1.id = t2.article_idand t2.category_id = t3.idand t3.name = :t3.name
2019-01-14 09:19:59 Debug: duration=1 rows=6 select * from articles where draft = :draft
2019-01-14 09:19:59 Debug: duration=1 rows=5 SELECT Categories.id AS `Categories__id`, Categories.name AS `Categories__name`, Categories.ins_ymd AS `Categories__ins_ymd`, Categories.upd_ymd AS `Categories__upd_ymd` FROM categories Categories
2019-01-14 09:20:02 Debug: duration=1 rows=0 select * fromarticles t1,articles_categories t2,categories t3
2019-01-14 09:20:41 Debug: duration=1 rows=6 select * from articles where draft = :draft
2019-01-14 09:20:41 Debug: duration=1 rows=5 SELECT Categories.id AS `Categories__id`, Categories.name AS `Categories__name`, Categories.ins_ymd AS `Categories__ins_ymd`, Categories.upd_ymd AS `Categories__upd_ymd` FROM categories Categories
2019-01-14 09:20:44 Debug: duration=1 rows=30 select * from articles t1,articles_categories t2,categories t3
2019-01-14 09:21:09 Debug: duration=1 rows=6 select * from articles where draft = :draft
2019-01-14 09:21:09 Debug: duration=1 rows=5 SELECT Categories.id AS `Categories__id`, Categories.name AS `Categories__name`, Categories.ins_ymd AS `Categories__ins_ymd`, Categories.upd_ymd AS `Categories__upd_ymd` FROM categories Categories
2019-01-14 09:21:12 Debug: duration=0 rows=0 select * from articles t1,articles_categories t2,categories t3 where t1.draft = :t1.draftand t1.id = t2.article_idand t2.category_id = t3.idand t3.name = :t3.name
2019-01-14 09:22:08 Debug: duration=1 rows=5 SELECT Categories.id AS `Categories__id`, Categories.name AS `Categories__name`, Categories.ins_ymd AS `Categories__ins_ymd`, Categories.upd_ymd AS `Categories__upd_ymd` FROM categories Categories
2019-01-14 09:22:08 Debug: duration=1 rows=6 select * from articles where draft = :draft
2019-01-14 09:22:11 Debug: duration=1 rows=0 select * from articles t1,articles_categories t2,categories t3and t1.id = t2.article_idand t2.category_id = t3.id
2019-01-14 09:23:00 Debug: duration=1 rows=6 select * from articles where draft = :draft
2019-01-14 09:23:00 Debug: duration=1 rows=5 SELECT Categories.id AS `Categories__id`, Categories.name AS `Categories__name`, Categories.ins_ymd AS `Categories__ins_ymd`, Categories.upd_ymd AS `Categories__upd_ymd` FROM categories Categories
2019-01-14 09:23:02 Debug: duration=0 rows=0 select * from articles t1,articles_categories t2,categories t3 where t1.draft = :t1.draftand t1.id = t2.article_idand t2.category_id = t3.id
2019-01-14 09:23:17 Debug: duration=1 rows=6 select * from articles where draft = :draft
2019-01-14 09:23:17 Debug: duration=1 rows=5 SELECT Categories.id AS `Categories__id`, Categories.name AS `Categories__name`, Categories.ins_ymd AS `Categories__ins_ymd`, Categories.upd_ymd AS `Categories__upd_ymd` FROM categories Categories
2019-01-14 09:23:20 Debug: duration=0 rows=0 select * from articles t1,articles_categories t2,categories t3 where t1.draft = :draftand t1.id = t2.article_idand t2.category_id = t3.id
2019-01-14 09:25:16 Debug: duration=1 rows=5 SELECT Categories.id AS `Categories__id`, Categories.name AS `Categories__name`, Categories.ins_ymd AS `Categories__ins_ymd`, Categories.upd_ymd AS `Categories__upd_ymd` FROM categories Categories
2019-01-14 09:25:16 Debug: duration=1 rows=6 select * from articles where draft = :draft
2019-01-14 09:25:18 Debug: duration=1 rows=0 select * from articles t1,articles_categories t2,categories t3 where t1.id = t2.article_idand t2.category_id = t3.id
2019-01-14 09:26:05 Debug: duration=1 rows=6 select * from articles where draft = :draft
2019-01-14 09:26:05 Debug: duration=1 rows=5 SELECT Categories.id AS `Categories__id`, Categories.name AS `Categories__name`, Categories.ins_ymd AS `Categories__ins_ymd`, Categories.upd_ymd AS `Categories__upd_ymd` FROM categories Categories
2019-01-14 09:26:07 Debug: duration=1 rows=0 select * from articles,articles_categories,categories where articles.id = articles_categories.article_idand articles_categories.category_id = categories.id
2019-01-14 09:27:55 Debug: duration=1 rows=6 select * from articles where draft = :draft
2019-01-14 09:27:55 Debug: duration=1 rows=5 SELECT Categories.id AS `Categories__id`, Categories.name AS `Categories__name`, Categories.ins_ymd AS `Categories__ins_ymd`, Categories.upd_ymd AS `Categories__upd_ymd` FROM categories Categories
2019-01-14 09:27:58 Debug: duration=1 rows=1 select * from articles,articles_categories,categories where articles.id = articles_categories.article_id and articles_categories.category_id = categories.id
2019-01-14 09:28:31 Debug: duration=1 rows=6 select * from articles where draft = :draft
2019-01-14 09:28:31 Debug: duration=1 rows=5 SELECT Categories.id AS `Categories__id`, Categories.name AS `Categories__name`, Categories.ins_ymd AS `Categories__ins_ymd`, Categories.upd_ymd AS `Categories__upd_ymd` FROM categories Categories
2019-01-14 09:28:35 Debug: duration=1 rows=1 select * from articles t1,articles_categories t2,categories t3 where t1.id = t2.article_id and t2.category_id = t3.id
2019-01-14 09:29:00 Debug: duration=1 rows=6 select * from articles where draft = :draft
2019-01-14 09:29:00 Debug: duration=1 rows=5 SELECT Categories.id AS `Categories__id`, Categories.name AS `Categories__name`, Categories.ins_ymd AS `Categories__ins_ymd`, Categories.upd_ymd AS `Categories__upd_ymd` FROM categories Categories
2019-01-14 09:29:03 Debug: duration=0 rows=0 select * from articles t1,articles_categories t2,categories t3 where t1.draft = :draft and t1.id = t2.article_id and t2.category_id = t3.id and t3.name = :t3.name
2019-01-14 09:30:13 Debug: duration=1 rows=6 select * from articles where draft = :draft
2019-01-14 09:30:13 Debug: duration=1 rows=5 SELECT Categories.id AS `Categories__id`, Categories.name AS `Categories__name`, Categories.ins_ymd AS `Categories__ins_ymd`, Categories.upd_ymd AS `Categories__upd_ymd` FROM categories Categories
2019-01-14 09:30:16 Debug: duration=1 rows=0 select * from articles t1,articles_categories t2,categories t3 where t1.draft = :draft and t1.id = t2.article_id and t2.category_id = t3.id and t3.name = :name
2019-01-14 09:30:18 Debug: duration=1 rows=1 select * from articles t1,articles_categories t2,categories t3 where t1.draft = :draft and t1.id = t2.article_id and t2.category_id = t3.id and t3.name = :name
2019-01-14 09:33:43 Debug: duration=1 rows=6 select * from articles where draft = :draft
2019-01-14 09:33:43 Debug: duration=1 rows=5 SELECT Categories.id AS `Categories__id`, Categories.name AS `Categories__name`, Categories.ins_ymd AS `Categories__ins_ymd`, Categories.upd_ymd AS `Categories__upd_ymd` FROM categories Categories
2019-01-14 09:34:46 Debug: duration=1 rows=6 select * from articles where draft = :draft
2019-01-14 09:34:46 Debug: duration=1 rows=5 SELECT Categories.id AS `Categories__id`, Categories.name AS `Categories__name`, Categories.ins_ymd AS `Categories__ins_ymd`, Categories.upd_ymd AS `Categories__upd_ymd` FROM categories Categories
2019-01-14 09:35:02 Debug: duration=1 rows=5 SELECT Categories.id AS `Categories__id`, Categories.name AS `Categories__name`, Categories.ins_ymd AS `Categories__ins_ymd`, Categories.upd_ymd AS `Categories__upd_ymd` FROM categories Categories
2019-01-14 09:35:02 Debug: duration=1 rows=6 select * from articles where draft = :draft
2019-01-14 09:41:49 Debug: duration=1 rows=6 select * from articles where draft = :draft
2019-01-14 09:41:49 Debug: duration=1 rows=5 SELECT Categories.id AS `Categories__id`, Categories.name AS `Categories__name`, Categories.ins_ymd AS `Categories__ins_ymd`, Categories.upd_ymd AS `Categories__upd_ymd` FROM categories Categories
2019-01-14 09:42:29 Debug: duration=1 rows=6 select * from articles where draft = :draft
2019-01-14 09:42:29 Debug: duration=1 rows=5 SELECT Categories.id AS `Categories__id`, Categories.name AS `Categories__name`, Categories.ins_ymd AS `Categories__ins_ymd`, Categories.upd_ymd AS `Categories__upd_ymd` FROM categories Categories
2019-01-14 09:43:54 Debug: duration=1 rows=5 SELECT Categories.id AS `Categories__id`, Categories.name AS `Categories__name`, Categories.ins_ymd AS `Categories__ins_ymd`, Categories.upd_ymd AS `Categories__upd_ymd` FROM categories Categories
2019-01-14 09:43:54 Debug: duration=1 rows=6 select * from articles where draft = :draft
2019-01-14 09:44:10 Debug: duration=1 rows=5 SELECT Categories.id AS `Categories__id`, Categories.name AS `Categories__name`, Categories.ins_ymd AS `Categories__ins_ymd`, Categories.upd_ymd AS `Categories__upd_ymd` FROM categories Categories
2019-01-14 09:44:10 Debug: duration=1 rows=6 select * from articles where draft = :draft
2019-01-14 09:44:14 Debug: duration=1 rows=1 select * from articles t1,articles_categories t2,categories t3 where t1.draft = :draft and t1.id = t2.article_id and t2.category_id = t3.id and t3.name = :name
2019-01-14 09:44:54 Debug: duration=1 rows=6 select * from articles where draft = :draft
2019-01-14 09:44:54 Debug: duration=1 rows=5 SELECT Categories.id AS `Categories__id`, Categories.name AS `Categories__name`, Categories.ins_ymd AS `Categories__ins_ymd`, Categories.upd_ymd AS `Categories__upd_ymd` FROM categories Categories
2019-01-14 09:44:59 Debug: duration=1 rows=1 select * from articles t1,articles_categories t2,categories t3 where t1.draft = :draft and t1.id = t2.article_id and t2.category_id = t3.id and t3.name = :name
2019-01-14 09:46:59 Debug: duration=1 rows=6 select * from articles where draft = :draft
2019-01-14 09:46:59 Debug: duration=1 rows=5 SELECT Categories.id AS `Categories__id`, Categories.name AS `Categories__name`, Categories.ins_ymd AS `Categories__ins_ymd`, Categories.upd_ymd AS `Categories__upd_ymd` FROM categories Categories
2019-01-14 09:47:01 Debug: duration=1 rows=1 select * from articles t1,articles_categories t2,categories t3 where t1.draft = :draft and t1.id = t2.article_id and t2.category_id = t3.id and t3.name = :name
2019-01-14 09:47:06 Debug: duration=1 rows=1 select * from articles t1,articles_categories t2,categories t3 where t1.draft = :draft and t1.id = t2.article_id and t2.category_id = t3.id and t3.name = :name
2019-01-14 09:47:13 Debug: duration=1 rows=0 select * from articles t1,articles_categories t2,categories t3 where t1.draft = :draft and t1.id = t2.article_id and t2.category_id = t3.id and t3.name = :name
2019-01-14 09:47:15 Debug: duration=1 rows=0 select * from articles t1,articles_categories t2,categories t3 where t1.draft = :draft and t1.id = t2.article_id and t2.category_id = t3.id and t3.name = :name
2019-01-14 09:47:17 Debug: duration=1 rows=0 select * from articles t1,articles_categories t2,categories t3 where t1.draft = :draft and t1.id = t2.article_id and t2.category_id = t3.id and t3.name = :name
2019-01-14 09:47:18 Debug: duration=1 rows=0 select * from articles t1,articles_categories t2,categories t3 where t1.draft = :draft and t1.id = t2.article_id and t2.category_id = t3.id and t3.name = :name
2019-01-14 09:47:19 Debug: duration=1 rows=1 select * from articles t1,articles_categories t2,categories t3 where t1.draft = :draft and t1.id = t2.article_id and t2.category_id = t3.id and t3.name = :name
2019-01-14 09:48:52 Debug: duration=1 rows=6 select * from articles where draft = :draft
2019-01-14 09:48:52 Debug: duration=1 rows=5 SELECT Categories.id AS `Categories__id`, Categories.name AS `Categories__name`, Categories.ins_ymd AS `Categories__ins_ymd`, Categories.upd_ymd AS `Categories__upd_ymd` FROM categories Categories
2019-01-14 09:48:58 Debug: duration=1 rows=1 select * from articles t1,articles_categories t2,categories t3 where t1.draft = :draft and t1.id = t2.article_id and t2.category_id = t3.id and t3.name = :name
2019-01-14 09:49:02 Debug: duration=2 rows=1 select * from articles t1,articles_categories t2,categories t3 where t1.draft = :draft and t1.id = t2.article_id and t2.category_id = t3.id and t3.name = :name
2019-01-14 09:49:21 Debug: duration=1 rows=5 SELECT Categories.id AS `Categories__id`, Categories.name AS `Categories__name`, Categories.ins_ymd AS `Categories__ins_ymd`, Categories.upd_ymd AS `Categories__upd_ymd` FROM categories Categories
2019-01-14 09:49:21 Debug: duration=1 rows=6 select * from articles where draft = :draft
2019-01-14 09:53:05 Debug: duration=1 rows=0 SELECT Users.id AS `Users__id`, Users.username AS `Users__username`, Users.password AS `Users__password`, Users.INS_YMD AS `Users__INS_YMD`, Users.UPD_YMD AS `Users__UPD_YMD` FROM users Users WHERE Users.username = 'junntunnjapaso' LIMIT 1
2019-01-14 09:53:08 Debug: duration=1 rows=0 SELECT Users.id AS `Users__id`, Users.username AS `Users__username`, Users.password AS `Users__password`, Users.INS_YMD AS `Users__INS_YMD`, Users.UPD_YMD AS `Users__UPD_YMD` FROM users Users WHERE Users.username = 'junntunnjapaso' LIMIT 1
2019-01-14 09:53:21 Debug: duration=1 rows=5 SELECT Categories.id AS `Categories__id`, Categories.name AS `Categories__name`, Categories.ins_ymd AS `Categories__ins_ymd`, Categories.upd_ymd AS `Categories__upd_ymd` FROM categories Categories
2019-01-14 09:53:21 Debug: duration=1 rows=6 select * from articles where draft = :draft
2019-01-14 09:53:31 Debug: duration=1 rows=6 select * from articles where draft = :draft
2019-01-14 09:53:31 Debug: duration=1 rows=5 SELECT Categories.id AS `Categories__id`, Categories.name AS `Categories__name`, Categories.ins_ymd AS `Categories__ins_ymd`, Categories.upd_ymd AS `Categories__upd_ymd` FROM categories Categories
2019-01-14 09:53:49 Debug: duration=1 rows=1 SELECT Users.id AS `Users__id`, Users.username AS `Users__username`, Users.password AS `Users__password`, Users.INS_YMD AS `Users__INS_YMD`, Users.UPD_YMD AS `Users__UPD_YMD` FROM users Users WHERE Users.username = 'juntunnjapaso' LIMIT 1
2019-01-14 09:53:55 Debug: duration=1 rows=6 select * from articles where draft = :draft
2019-01-14 09:53:55 Debug: duration=1 rows=5 SELECT Categories.id AS `Categories__id`, Categories.name AS `Categories__name`, Categories.ins_ymd AS `Categories__ins_ymd`, Categories.upd_ymd AS `Categories__upd_ymd` FROM categories Categories
2019-01-14 09:53:59 Debug: duration=1 rows=1 SELECT Articles.id AS `Articles__id`, Articles.title AS `Articles__title`, Articles.content AS `Articles__content`, Articles.ins_ymd AS `Articles__ins_ymd`, Articles.upd_ymd AS `Articles__upd_ymd`, Articles.contName AS `Articles__contName`, Articles.thumbnail AS `Articles__thumbnail`, Articles.draft AS `Articles__draft` FROM articles Articles WHERE Articles.id = 34 LIMIT 1
2019-01-14 09:53:59 Debug: duration=1 rows=0 SELECT ArticlesCategories.article_id AS `Categories_CJoin__article_id`, ArticlesCategories.category_id AS `Categories_CJoin__category_id`, ArticlesCategories.ins_ymd AS `Categories_CJoin__ins_ymd`, ArticlesCategories.upd_ymd AS `Categories_CJoin__upd_ymd`, ArticlesCategories.id AS `Categories_CJoin__id`, Categories.id AS `Categories__id`, Categories.name AS `Categories__name`, Categories.ins_ymd AS `Categories__ins_ymd`, Categories.upd_ymd AS `Categories__upd_ymd` FROM categories Categories INNER JOIN articles_categories ArticlesCategories ON Categories.id = (ArticlesCategories.category_id) WHERE ArticlesCategories.article_id in (34)
2019-01-14 09:54:01 Debug: duration=1 rows=6 select * from articles where draft = :draft
2019-01-14 09:54:01 Debug: duration=1 rows=5 SELECT Categories.id AS `Categories__id`, Categories.name AS `Categories__name`, Categories.ins_ymd AS `Categories__ins_ymd`, Categories.upd_ymd AS `Categories__upd_ymd` FROM categories Categories
2019-01-14 09:54:05 Debug: duration=1 rows=1 SELECT Articles.id AS `Articles__id`, Articles.title AS `Articles__title`, Articles.content AS `Articles__content`, Articles.ins_ymd AS `Articles__ins_ymd`, Articles.upd_ymd AS `Articles__upd_ymd`, Articles.contName AS `Articles__contName`, Articles.thumbnail AS `Articles__thumbnail`, Articles.draft AS `Articles__draft` FROM articles Articles WHERE Articles.id = 30 LIMIT 1
2019-01-14 09:54:05 Debug: duration=1 rows=1 SELECT ArticlesCategories.article_id AS `Categories_CJoin__article_id`, ArticlesCategories.category_id AS `Categories_CJoin__category_id`, ArticlesCategories.ins_ymd AS `Categories_CJoin__ins_ymd`, ArticlesCategories.upd_ymd AS `Categories_CJoin__upd_ymd`, ArticlesCategories.id AS `Categories_CJoin__id`, Categories.id AS `Categories__id`, Categories.name AS `Categories__name`, Categories.ins_ymd AS `Categories__ins_ymd`, Categories.upd_ymd AS `Categories__upd_ymd` FROM categories Categories INNER JOIN articles_categories ArticlesCategories ON Categories.id = (ArticlesCategories.category_id) WHERE ArticlesCategories.article_id in (30)
2019-01-14 09:54:07 Debug: duration=1 rows=6 select * from articles where draft = :draft
2019-01-14 09:54:07 Debug: duration=1 rows=5 SELECT Categories.id AS `Categories__id`, Categories.name AS `Categories__name`, Categories.ins_ymd AS `Categories__ins_ymd`, Categories.upd_ymd AS `Categories__upd_ymd` FROM categories Categories
2019-01-14 09:54:09 Debug: duration=1 rows=6 select * from articles where draft = :draft
2019-01-14 09:54:10 Debug: duration=1 rows=5 SELECT Categories.id AS `Categories__id`, Categories.name AS `Categories__name`, Categories.ins_ymd AS `Categories__ins_ymd`, Categories.upd_ymd AS `Categories__upd_ymd` FROM categories Categories
2019-01-14 09:54:33 Debug: duration=1 rows=1 SELECT Articles.id AS `Articles__id`, Articles.title AS `Articles__title`, Articles.content AS `Articles__content`, Articles.ins_ymd AS `Articles__ins_ymd`, Articles.upd_ymd AS `Articles__upd_ymd`, Articles.contName AS `Articles__contName`, Articles.thumbnail AS `Articles__thumbnail`, Articles.draft AS `Articles__draft` FROM articles Articles WHERE Articles.id = 30 LIMIT 1
2019-01-14 09:54:33 Debug: duration=1 rows=1 SELECT ArticlesCategories.article_id AS `Categories_CJoin__article_id`, ArticlesCategories.category_id AS `Categories_CJoin__category_id`, ArticlesCategories.ins_ymd AS `Categories_CJoin__ins_ymd`, ArticlesCategories.upd_ymd AS `Categories_CJoin__upd_ymd`, ArticlesCategories.id AS `Categories_CJoin__id`, Categories.id AS `Categories__id`, Categories.name AS `Categories__name`, Categories.ins_ymd AS `Categories__ins_ymd`, Categories.upd_ymd AS `Categories__upd_ymd` FROM categories Categories INNER JOIN articles_categories ArticlesCategories ON Categories.id = (ArticlesCategories.category_id) WHERE ArticlesCategories.article_id in (30)
2019-01-14 09:54:38 Debug: duration=1 rows=6 select * from articles where draft = :draft
2019-01-14 09:54:38 Debug: duration=1 rows=5 SELECT Categories.id AS `Categories__id`, Categories.name AS `Categories__name`, Categories.ins_ymd AS `Categories__ins_ymd`, Categories.upd_ymd AS `Categories__upd_ymd` FROM categories Categories
2019-01-14 09:54:48 Debug: duration=2 rows=6 select * from articles where draft = :draft
2019-01-14 09:54:48 Debug: duration=1 rows=5 SELECT Categories.id AS `Categories__id`, Categories.name AS `Categories__name`, Categories.ins_ymd AS `Categories__ins_ymd`, Categories.upd_ymd AS `Categories__upd_ymd` FROM categories Categories
2019-01-14 09:54:57 Debug: duration=1 rows=6 select * from articles where draft = :draft
2019-01-14 09:54:57 Debug: duration=1 rows=5 SELECT Categories.id AS `Categories__id`, Categories.name AS `Categories__name`, Categories.ins_ymd AS `Categories__ins_ymd`, Categories.upd_ymd AS `Categories__upd_ymd` FROM categories Categories
2019-01-14 09:55:53 Debug: duration=1 rows=5 SELECT Categories.id AS `Categories__id`, Categories.name AS `Categories__name`, Categories.ins_ymd AS `Categories__ins_ymd`, Categories.upd_ymd AS `Categories__upd_ymd` FROM categories Categories
2019-01-14 09:55:53 Debug: duration=1 rows=6 select * from articles where draft = :draft
2019-01-14 09:55:57 Debug: duration=1 rows=1 SELECT Articles.id AS `Articles__id`, Articles.title AS `Articles__title`, Articles.content AS `Articles__content`, Articles.ins_ymd AS `Articles__ins_ymd`, Articles.upd_ymd AS `Articles__upd_ymd`, Articles.contName AS `Articles__contName`, Articles.thumbnail AS `Articles__thumbnail`, Articles.draft AS `Articles__draft` FROM articles Articles WHERE Articles.id = 30 LIMIT 1
2019-01-14 09:55:57 Debug: duration=1 rows=1 SELECT ArticlesCategories.article_id AS `Categories_CJoin__article_id`, ArticlesCategories.category_id AS `Categories_CJoin__category_id`, ArticlesCategories.ins_ymd AS `Categories_CJoin__ins_ymd`, ArticlesCategories.upd_ymd AS `Categories_CJoin__upd_ymd`, ArticlesCategories.id AS `Categories_CJoin__id`, Categories.id AS `Categories__id`, Categories.name AS `Categories__name`, Categories.ins_ymd AS `Categories__ins_ymd`, Categories.upd_ymd AS `Categories__upd_ymd` FROM categories Categories INNER JOIN articles_categories ArticlesCategories ON Categories.id = (ArticlesCategories.category_id) WHERE ArticlesCategories.article_id in (30)
2019-01-14 09:56:46 Debug: duration=1 rows=1 select * from articles t1,articles_categories t2,categories t3 where t1.draft = :draft and t1.id = t2.article_id and t2.category_id = t3.id and t3.name = :name
2019-01-14 11:01:37 Debug: duration=2 rows=5 SELECT Categories.id AS `Categories__id`, Categories.name AS `Categories__name`, Categories.ins_ymd AS `Categories__ins_ymd`, Categories.upd_ymd AS `Categories__upd_ymd` FROM categories Categories
2019-01-14 11:01:37 Debug: duration=1 rows=6 select * from articles where draft = :draft
2019-01-14 11:01:59 Debug: duration=2 rows=0 select * from articles t1,articles_categories t2,categories t3 where t1.draft = :draft and t1.id = t2.article_id and t2.category_id = t3.id and t3.name = :name
2019-01-14 11:02:03 Debug: duration=1 rows=1 select * from articles t1,articles_categories t2,categories t3 where t1.draft = :draft and t1.id = t2.article_id and t2.category_id = t3.id and t3.name = :name
2019-01-14 11:02:09 Debug: duration=1 rows=0 SELECT Articles.id AS `Articles__id`, Articles.title AS `Articles__title`, Articles.content AS `Articles__content`, Articles.ins_ymd AS `Articles__ins_ymd`, Articles.upd_ymd AS `Articles__upd_ymd`, Articles.contName AS `Articles__contName`, Articles.thumbnail AS `Articles__thumbnail`, Articles.draft AS `Articles__draft` FROM articles Articles WHERE Articles.id = 1 LIMIT 1
2019-01-14 11:02:12 Debug: duration=1 rows=0 SELECT Articles.id AS `Articles__id`, Articles.title AS `Articles__title`, Articles.content AS `Articles__content`, Articles.ins_ymd AS `Articles__ins_ymd`, Articles.upd_ymd AS `Articles__upd_ymd`, Articles.contName AS `Articles__contName`, Articles.thumbnail AS `Articles__thumbnail`, Articles.draft AS `Articles__draft` FROM articles Articles WHERE Articles.id = 1 LIMIT 1
2019-01-14 11:02:16 Debug: duration=1 rows=6 select * from articles where draft = :draft
2019-01-14 11:02:16 Debug: duration=1 rows=5 SELECT Categories.id AS `Categories__id`, Categories.name AS `Categories__name`, Categories.ins_ymd AS `Categories__ins_ymd`, Categories.upd_ymd AS `Categories__upd_ymd` FROM categories Categories
2019-01-14 11:02:19 Debug: duration=1 rows=1 SELECT Articles.id AS `Articles__id`, Articles.title AS `Articles__title`, Articles.content AS `Articles__content`, Articles.ins_ymd AS `Articles__ins_ymd`, Articles.upd_ymd AS `Articles__upd_ymd`, Articles.contName AS `Articles__contName`, Articles.thumbnail AS `Articles__thumbnail`, Articles.draft AS `Articles__draft` FROM articles Articles WHERE Articles.id = 30 LIMIT 1
2019-01-14 11:02:19 Debug: duration=1 rows=1 SELECT ArticlesCategories.article_id AS `Categories_CJoin__article_id`, ArticlesCategories.category_id AS `Categories_CJoin__category_id`, ArticlesCategories.ins_ymd AS `Categories_CJoin__ins_ymd`, ArticlesCategories.upd_ymd AS `Categories_CJoin__upd_ymd`, ArticlesCategories.id AS `Categories_CJoin__id`, Categories.id AS `Categories__id`, Categories.name AS `Categories__name`, Categories.ins_ymd AS `Categories__ins_ymd`, Categories.upd_ymd AS `Categories__upd_ymd` FROM categories Categories INNER JOIN articles_categories ArticlesCategories ON Categories.id = (ArticlesCategories.category_id) WHERE ArticlesCategories.article_id in (30)
2019-01-14 11:02:23 Debug: duration=1 rows=6 select * from articles where draft = :draft
2019-01-14 11:02:23 Debug: duration=1 rows=5 SELECT Categories.id AS `Categories__id`, Categories.name AS `Categories__name`, Categories.ins_ymd AS `Categories__ins_ymd`, Categories.upd_ymd AS `Categories__upd_ymd` FROM categories Categories
2019-01-14 11:02:27 Debug: duration=1 rows=1 SELECT Articles.id AS `Articles__id`, Articles.title AS `Articles__title`, Articles.content AS `Articles__content`, Articles.ins_ymd AS `Articles__ins_ymd`, Articles.upd_ymd AS `Articles__upd_ymd`, Articles.contName AS `Articles__contName`, Articles.thumbnail AS `Articles__thumbnail`, Articles.draft AS `Articles__draft` FROM articles Articles WHERE Articles.id = 30 LIMIT 1
2019-01-14 11:02:27 Debug: duration=1 rows=1 SELECT ArticlesCategories.article_id AS `Categories_CJoin__article_id`, ArticlesCategories.category_id AS `Categories_CJoin__category_id`, ArticlesCategories.ins_ymd AS `Categories_CJoin__ins_ymd`, ArticlesCategories.upd_ymd AS `Categories_CJoin__upd_ymd`, ArticlesCategories.id AS `Categories_CJoin__id`, Categories.id AS `Categories__id`, Categories.name AS `Categories__name`, Categories.ins_ymd AS `Categories__ins_ymd`, Categories.upd_ymd AS `Categories__upd_ymd` FROM categories Categories INNER JOIN articles_categories ArticlesCategories ON Categories.id = (ArticlesCategories.category_id) WHERE ArticlesCategories.article_id in (30)
2019-01-14 11:03:01 Debug: duration=3 rows=6 select * from articles where draft = :draft
2019-01-14 11:03:01 Debug: duration=1 rows=5 SELECT Categories.id AS `Categories__id`, Categories.name AS `Categories__name`, Categories.ins_ymd AS `Categories__ins_ymd`, Categories.upd_ymd AS `Categories__upd_ymd` FROM categories Categories
2019-01-15 13:04:33 Debug: duration=1 rows=5 SELECT Categories.id AS `Categories__id`, Categories.name AS `Categories__name`, Categories.ins_ymd AS `Categories__ins_ymd`, Categories.upd_ymd AS `Categories__upd_ymd` FROM categories Categories
2019-01-15 13:04:33 Debug: duration=1 rows=6 select * from articles where draft = :draft
2019-01-15 15:53:58 Debug: duration=2 rows=1 select * from articles t1,articles_categories t2,categories t3 where t1.draft = :draft and t1.id = t2.article_id and t2.category_id = t3.id and t3.name = :name
2019-01-15 15:54:02 Debug: duration=1 rows=0 SELECT Articles.id AS `Articles__id`, Articles.title AS `Articles__title`, Articles.content AS `Articles__content`, Articles.ins_ymd AS `Articles__ins_ymd`, Articles.upd_ymd AS `Articles__upd_ymd`, Articles.contName AS `Articles__contName`, Articles.thumbnail AS `Articles__thumbnail`, Articles.draft AS `Articles__draft` FROM articles Articles WHERE Articles.id = 1 LIMIT 1
2019-01-15 15:54:05 Debug: duration=1 rows=5 SELECT Categories.id AS `Categories__id`, Categories.name AS `Categories__name`, Categories.ins_ymd AS `Categories__ins_ymd`, Categories.upd_ymd AS `Categories__upd_ymd` FROM categories Categories
2019-01-15 15:54:05 Debug: duration=1 rows=6 select * from articles where draft = :draft
2019-01-15 15:56:14 Debug: duration=1 rows=1 select * from articles t1,articles_categories t2,categories t3 where t1.draft = :draft and t1.id = t2.article_id and t2.category_id = t3.id and t3.name = :name
2019-01-15 15:58:37 Debug: duration=3 rows=6 select * from articles where draft = :draft
2019-01-15 15:58:37 Debug: duration=1 rows=5 SELECT Categories.id AS `Categories__id`, Categories.name AS `Categories__name`, Categories.ins_ymd AS `Categories__ins_ymd`, Categories.upd_ymd AS `Categories__upd_ymd` FROM categories Categories
2019-01-15 15:58:40 Debug: duration=1 rows=1 select * from articles t1,articles_categories t2,categories t3 where t1.draft = :draft and t1.id = t2.article_id and t2.category_id = t3.id and t3.name = :name
2019-01-15 16:00:34 Debug: duration=1 rows=5 SELECT Categories.id AS `Categories__id`, Categories.name AS `Categories__name`, Categories.ins_ymd AS `Categories__ins_ymd`, Categories.upd_ymd AS `Categories__upd_ymd` FROM categories Categories
2019-01-15 16:00:34 Debug: duration=1 rows=6 select * from articles where draft = :draft
2019-01-15 16:00:37 Debug: duration=1 rows=1 select * from articles t1,articles_categories t2,categories t3 where t1.draft = :draft and t1.id = t2.article_id and t2.category_id = t3.id and t3.name = :name
2019-01-15 16:01:48 Debug: duration=1 rows=6 select * from articles where draft = :draft
2019-01-15 16:01:48 Debug: duration=1 rows=5 SELECT Categories.id AS `Categories__id`, Categories.name AS `Categories__name`, Categories.ins_ymd AS `Categories__ins_ymd`, Categories.upd_ymd AS `Categories__upd_ymd` FROM categories Categories
2019-01-15 16:02:03 Debug: duration=1 rows=5 SELECT Categories.id AS `Categories__id`, Categories.name AS `Categories__name`, Categories.ins_ymd AS `Categories__ins_ymd`, Categories.upd_ymd AS `Categories__upd_ymd` FROM categories Categories
2019-01-15 16:02:03 Debug: duration=1 rows=6 select * from articles where draft = :draft
2019-01-15 16:02:06 Debug: duration=1 rows=1 select * from articles t1,articles_categories t2,categories t3 where t1.draft = :draft and t1.id = t2.article_id and t2.category_id = t3.id and t3.name = :name
2019-01-15 16:02:08 Debug: duration=2 rows=1 select * from articles t1,articles_categories t2,categories t3 where t1.draft = :draft and t1.id = t2.article_id and t2.category_id = t3.id and t3.name = :name
2019-01-15 16:02:18 Debug: duration=1 rows=0 SELECT Articles.id AS `Articles__id`, Articles.title AS `Articles__title`, Articles.content AS `Articles__content`, Articles.ins_ymd AS `Articles__ins_ymd`, Articles.upd_ymd AS `Articles__upd_ymd`, Articles.contName AS `Articles__contName`, Articles.thumbnail AS `Articles__thumbnail`, Articles.draft AS `Articles__draft` FROM articles Articles WHERE Articles.id = 1 LIMIT 1
